2020-07-01 18:49:54.157  INFO 13280 --- [main] lavalink.server.Launcher                 : 

[32m       .  [31m _                  _ _       _    [32m__ _ _
[32m      /\\ [31m| | __ ___   ____ _| (_)_ __ | | __[32m\ \ \ \
[32m     ( ( )[31m| |/ _` \ \ / / _` | | | '_ \| |/ /[32m \ \ \ \
[32m      \\/ [31m| | (_| |\ V / (_| | | | | | |   < [32m  ) ) ) )
[32m       '  [31m|_|\__,_| \_/ \__,_|_|_|_| |_|_|\_\[32m / / / /
[0m    =========================================[32m/_/_/_/[0m

	Version:        3.3.1
	Build:          997
	Build time:     25.03.2020 12:30:43 UTC
	Branch          master
	Commit:         29f68ba
	Commit time:    25.03.2020 12:28:48 UTC
	JVM:            11
	Lavaplayer      1.3.38

2020-07-01 18:49:54.216  INFO 13280 --- [main] lavalink.server.Launcher                 : Starting Launcher on DESKTOP-DBG83VJ with PID 13280 (C:\Users\BigPEEN\Desktop\logic\Logic\Lavalink.jar started by BigPEEN in C:\Users\BigPEEN\Desktop\logic\Logic)
2020-07-01 18:49:54.217  INFO 13280 --- [main] lavalink.server.Launcher                 : No active profile set, falling back to default profiles: default
2020-07-01 18:49:54.270  WARN 13280 --- [background-preinit] o.s.h.c.j.Jackson2ObjectMapperBuilder    : For Jackson Kotlin classes support please add "com.fasterxml.jackson.module:jackson-module-kotlin" to the classpath
2020-07-01 18:49:55.064  WARN 13280 --- [main] io.undertow.websockets.jsr               : UT026010: Buffer pool was not set on WebSocketDeploymentInfo, the default pool will be used
2020-07-01 18:49:55.081  INFO 13280 --- [main] io.undertow.servlet                      : Initializing Spring embedded WebApplicationContext
2020-07-01 18:49:55.081  INFO 13280 --- [main] o.s.web.context.ContextLoader            : Root WebApplicationContext: initialization completed in 834 ms
2020-07-01 18:49:55.323  WARN 13280 --- [main] l.server.config.SentryConfiguration      : Turning off sentry
2020-07-01 18:49:55.331  INFO 13280 --- [main] l.s.c.AudioSendFactoryConfiguration      : OS: Windows 10, Arch: amd64
2020-07-01 18:49:55.331  INFO 13280 --- [main] l.s.c.AudioSendFactoryConfiguration      : JDA-NAS supported system detected. Enabled native audio sending.
2020-07-01 18:49:55.331  INFO 13280 --- [main] l.s.c.AudioSendFactoryConfiguration      : Setting buffer to 400ms
2020-07-01 18:49:55.331  INFO 13280 --- [main] l.s.c.AudioSendFactoryConfiguration      : Setting playlist load limit to 6
2020-07-01 18:49:55.517  INFO 13280 --- [main] c.s.d.l.tools.GarbageCollectionMonitor   : GC monitoring enabled, reporting results every 2 minutes.
2020-07-01 18:49:55.746  INFO 13280 --- [main] o.s.s.concurrent.ThreadPoolTaskExecutor  : Initializing ExecutorService 'applicationTaskExecutor'
2020-07-01 18:49:55.955  INFO 13280 --- [main] org.xnio                                 : XNIO version 3.3.8.Final
2020-07-01 18:49:55.962  INFO 13280 --- [main] org.xnio.nio                             : XNIO NIO Implementation Version 3.3.8.Final
2020-07-01 18:49:56.018  INFO 13280 --- [main] o.s.b.w.e.u.UndertowServletWebServer     : Undertow started on port(s) 7000 (http) with context path ''
2020-07-01 18:49:56.020  INFO 13280 --- [main] lavalink.server.Launcher                 : Started Launcher in 2.186 seconds (JVM running for 2.56)
